<?xml version="1.0" encoding="UTF-8"?>
<!-- Generated by org.testng.reporters.JUnitReportReporter -->
<testsuite skipped="0" hostname="LAPTOP-3DVNCV68" name="Demo1.Ecommerce.HomepageTest" tests="2" failures="0" timestamp="2020-10-13T16:05:24 BST" time="15.767" errors="0">
  <testcase name="logindemo" time="5.039" classname="Demo1.Ecommerce.HomepageTest"/>
  <system-out/>
  <testcase name="logindemo" time="10.728" classname="Demo1.Ecommerce.HomepageTest"/>
  <system-out/>
</testsuite> <!-- Demo1.Ecommerce.HomepageTest -->
