<?xml version="1.0" encoding="UTF-8"?>
<!-- Generated by org.testng.reporters.JUnitReportReporter -->
<testsuite skipped="0" hostname="LAPTOP-3DVNCV68" name="Demo1.Ecommerce.HomepageTest" tests="2" failures="0" timestamp="13 Oct 2020 11:23:22 GMT" time="34.292" errors="0">
  <testcase name="logindemo" time="28.520" classname="Demo1.Ecommerce.HomepageTest"/>
  <testcase name="logindemo" time="5.772" classname="Demo1.Ecommerce.HomepageTest"/>
</testsuite> <!-- Demo1.Ecommerce.HomepageTest -->
