<?xml version="1.0" encoding="UTF-8"?>
<!-- Generated by org.testng.reporters.JUnitReportReporter -->
<testsuite skipped="0" hostname="LAPTOP-3DVNCV68" name="Demo1.Ecommerce.Homepage" tests="2" failures="0" timestamp="09 Oct 2020 15:17:17 GMT" time="4.307" errors="0">
  <testcase name="logindemo" time="1.994" classname="Demo1.Ecommerce.Homepage"/>
  <testcase name="logindemo" time="2.313" classname="Demo1.Ecommerce.Homepage"/>
</testsuite> <!-- Demo1.Ecommerce.Homepage -->
