<?xml version="1.0" encoding="UTF-8"?>
<!-- Generated by org.testng.reporters.JUnitReportReporter -->
<testsuite skipped="0" hostname="LAPTOP-3DVNCV68" name="Demo1.Ecommerce.AppTest" tests="1" failures="0" timestamp="2020-10-09T17:52:21 BST" time="0.004" errors="0">
  <testcase name="testApp" time="0.004" classname="Demo1.Ecommerce.AppTest"/>
  <system-out/>
</testsuite> <!-- Demo1.Ecommerce.AppTest -->
